
==================================================
Time: 2025-06-11 07:01:19
To: amaltaf611@gmail.com
Subject: =?UTF-8?B?15DXmdep15XXqCDXlNeo16nXnteUINec16HXk9eg15QgLSBUYXN0ZUNyYWZ0?=
Message:
שלום בודק המערכת,

🎉 נרשמת בהצלחה לסדנה!

📋 פרטי הסדנה:
🍳 שם הסדנה: סדנת בדיקה - מערכת מיילים TasteCraft
📅 תאריך: 18/06/2025 07:01
📍 מקום: מטבח הבדיקות, תל אביב
💰 מחיר ששולם: ₪99

🎯 אנא הגע 15 דקות לפני תחילת הסדנה.

👨‍🍳 נתראה בסדנה!

בברכה,
צוות TasteCraft
==================================================

==================================================
Time: 2025-06-11 07:01:33
To: amaltaf611@gmail.com
Subject: =?UTF-8?B?15DXmdep15XXqCDXlNeo16nXnteUINec16HXk9eg15QgLSBUYXN0ZUNyYWZ0?=
Message:
שלום בודק המערכת,

🎉 נרשמת בהצלחה לסדנה!

📋 פרטי הסדנה:
🍳 שם הסדנה: סדנת בדיקה - מערכת מיילים TasteCraft
📅 תאריך: 18/06/2025 07:01
📍 מקום: מטבח הבדיקות, תל אביב
💰 מחיר ששולם: ₪99

🎯 אנא הגע 15 דקות לפני תחילת הסדנה.

👨‍🍳 נתראה בסדנה!

בברכה,
צוות TasteCraft
==================================================

=== 2025-06-27 22:24:21 ===
To: Amaltaf611@gmail.com
Subject: =?UTF-8?B?15DXmdep15XXqCDXlNeo16nXnteUINec16jXqdeZ157XqiDXlNee16rXoNeUIC0gVGFzdGVDcmFmdA==?=
Message:
שלום amal,

✅ נרשמת בהצלחה לרשימת ההמתנה עבור הסדנה:
🍳 "pasta workshop"

📍 מיקום: Beit Jann
📅 תאריך: 2025-06-29

🔔 נעדכן אותך מיד כשיתפנה מקום!

שים לב:
• כשיתפנה מקום, תקבל התראה במייל ובפרופיל האישי
• יהיו לך 24 שעות לאשר את השתתפותך
• אם לא תאשר בזמן, המקום יעבור למשתמש הבא ברשימה

בברכה,
צוות TasteCraft
Status: Failed

=== 2025-06-27 23:28:05 ===
To: Rafeekablan1@gmail.com
Subject: =?UTF-8?B?15DXmdep15XXqCDXlNeo16nXnteUINec16HXk9eg15QgLSBUYXN0ZUNyYWZ0?=
Message:
שלום Rafeek Kablan,

🎉 נרשמת בהצלחה לסדנה!

📋 פרטי הסדנה:
🍳 שם הסדנה: pasta workshop
📅 תאריך: 29/06/2025 00:00
📍 מקום: Beit Jann
💰 מחיר ששולם: ₪159.90

🎯 אנא הגע 15 דקות לפני תחילת הסדנה.

👨‍🍳 נתראה בסדנה!

בברכה,
צוות TasteCraft
Status: Failed

=== 2025-06-27 23:28:40 ===
To: Amaltaf611@gmail.com
Subject: =?UTF-8?B?15DXmdep15XXqCDXlNeo16nXnteUINec16jXqdeZ157XqiDXlNee16rXoNeUIC0gVGFzdGVDcmFmdA==?=
Message:
שלום amal,

✅ נרשמת בהצלחה לרשימת ההמתנה עבור הסדנה:
🍳 "pasta workshop"

📍 מיקום: Beit Jann
📅 תאריך: 2025-06-29

🔔 נעדכן אותך מיד כשיתפנה מקום!

שים לב:
• כשיתפנה מקום, תקבל התראה במייל ובפרופיל האישי
• יהיו לך 24 שעות לאשר את השתתפותך
• אם לא תאשר בזמן, המקום יעבור למשתמש הבא ברשימה

בברכה,
צוות TasteCraft
Status: Failed

=== 2025-06-27 23:35:11 ===
To: Amaltaf611@gmail.com
Subject: =?UTF-8?B?15DXmdep15XXqCDXlNeo16nXnteUINec16HXk9eg15QgLSBUYXN0ZUNyYWZ0?=
Message:
שלום amal Tafish,

🎉 נרשמת בהצלחה לסדנה!

📋 פרטי הסדנה:
🍳 שם הסדנה: pasta workshop
📅 תאריך: 29/06/2025 00:00
📍 מקום: Beit Jann
💰 מחיר ששולם: ₪159.90

🎯 אנא הגע 15 דקות לפני תחילת הסדנה.

👨‍🍳 נתראה בסדנה!

בברכה,
צוות TasteCraft
Status: Failed

=== 2025-06-27 23:35:54 ===
To: Rafeekablan1@gmail.com
Subject: =?UTF-8?B?15DXmdep15XXqCDXlNeo16nXnteUINec16jXqdeZ157XqiDXlNee16rXoNeUIC0gVGFzdGVDcmFmdA==?=
Message:
שלום Rafeek,

✅ נרשמת בהצלחה לרשימת ההמתנה עבור הסדנה:
🍳 "pasta workshop"

📍 מיקום: Beit Jann
📅 תאריך: 2025-06-29

🔔 נעדכן אותך מיד כשיתפנה מקום!

שים לב:
• כשיתפנה מקום, תקבל התראה במייל ובפרופיל האישי
• יהיו לך 24 שעות לאשר את השתתפותך
• אם לא תאשר בזמן, המקום יעבור למשתמש הבא ברשימה

בברכה,
צוות TasteCraft
Status: Failed

=== 2025-06-27 23:37:43 ===
To: Rafeekablan1@gmail.com
Subject: =?UTF-8?B?15DXmdep15XXqCDXlNeo16nXnteUINec16HXk9eg15QgLSBUYXN0ZUNyYWZ0?=
Message:
שלום Rafeek Kablan,

🎉 נרשמת בהצלחה לסדנה!

📋 פרטי הסדנה:
🍳 שם הסדנה: pasta workshop
📅 תאריך: 29/06/2025 00:00
📍 מקום: Beit Jann
💰 מחיר ששולם: ₪159.90

🎯 אנא הגע 15 דקות לפני תחילת הסדנה.

👨‍🍳 נתראה בסדנה!

בברכה,
צוות TasteCraft
Status: Failed
